2022-04-19 10:07:08.291 [main] DEBUG com.revature.project0.bankproject.Driver - We've just greeted the user!
2022-04-19 10:07:08.295 [main] INFO  com.revature.project0.bankproject.Driver - We've just greeted the user!
2022-04-19 10:07:08.295 [main] WARN  com.revature.project0.bankproject.Driver - We've just greeted the user!
2022-04-19 10:07:08.295 [main] ERROR com.revature.project0.bankproject.Driver - We've just greeted the user!
2022-04-19 10:07:08.295 [main] FATAL com.revature.project0.bankproject.Driver - We've just greeted the user!
2022-04-19 10:30:23.182 [main] DEBUG com.revature.project0.bankproject.Driver - We've just greeted the user!
2022-04-19 10:30:23.185 [main] INFO  com.revature.project0.bankproject.Driver - We've just greeted the user!
2022-04-19 10:30:23.185 [main] WARN  com.revature.project0.bankproject.Driver - We've just greeted the user!
2022-04-19 10:30:23.185 [main] ERROR com.revature.project0.bankproject.Driver - We've just greeted the user!
2022-04-19 10:30:23.186 [main] FATAL com.revature.project0.bankproject.Driver - We've just greeted the user!
2022-04-19 10:42:39.283 [main] DEBUG com.revature.project0.bankproject.Driver - We've just greeted the user!
2022-04-19 10:42:39.286 [main] INFO  com.revature.project0.bankproject.Driver - We've just greeted the user!
2022-04-19 10:42:39.287 [main] WARN  com.revature.project0.bankproject.Driver - We've just greeted the user!
2022-04-19 10:42:39.287 [main] ERROR com.revature.project0.bankproject.Driver - We've just greeted the user!
2022-04-19 10:42:39.287 [main] FATAL com.revature.project0.bankproject.Driver - We've just greeted the user!
2022-04-19 10:48:02.984 [main] DEBUG com.revature.project0.bankproject.Driver - We've just greeted the user!
2022-04-19 10:48:02.986 [main] INFO  com.revature.project0.bankproject.Driver - We've just greeted the user!
2022-04-19 10:48:02.987 [main] WARN  com.revature.project0.bankproject.Driver - We've just greeted the user!
2022-04-19 10:48:02.987 [main] ERROR com.revature.project0.bankproject.Driver - We've just greeted the user!
2022-04-19 10:48:02.987 [main] FATAL com.revature.project0.bankproject.Driver - We've just greeted the user!
2022-04-19 10:49:35.112 [main] DEBUG com.revature.project0.bankproject.Driver - We've just greeted the user!
2022-04-19 10:49:35.115 [main] INFO  com.revature.project0.bankproject.Driver - We've just greeted the user!
2022-04-19 10:49:35.115 [main] WARN  com.revature.project0.bankproject.Driver - We've just greeted the user!
2022-04-19 10:49:35.115 [main] ERROR com.revature.project0.bankproject.Driver - We've just greeted the user!
2022-04-19 10:49:35.116 [main] FATAL com.revature.project0.bankproject.Driver - We've just greeted the user!
